2022-07-20 14:20:16.494 INFO  [main] o.s.b.w.embedded.tomcat.TomcatWebServer  : Tomcat initialized with port(s): 8080 (http)
 2022-07-20 14:20:16.504 INFO  [main] o.apache.coyote.http11.Http11NioProtocol : Initializing ProtocolHandler ["http-nio-8080"]
 2022-07-20 14:20:16.505 INFO  [main] org.apache.catalina.core.StandardService : Starting service [Tomcat]
 2022-07-20 14:20:16.506 INFO  [main] org.apache.catalina.core.StandardEngine  : Starting Servlet engine: [Apache Tomcat/9.0.39]
 2022-07-20 14:20:16.573 INFO  [main] o.a.c.c.C.[Tomcat].[localhost].[/]       : Initializing Spring embedded WebApplicationContext
 2022-07-20 14:20:16.573 INFO  [main] w.s.c.ServletWebServerApplicationContext : Root WebApplicationContext: initialization completed in 891 ms
 2022-07-20 14:20:16.776 INFO  [main] o.s.s.concurrent.ThreadPoolTaskExecutor  : Initializing ExecutorService 'applicationTaskExecutor'
 2022-07-20 14:20:16.887 INFO  [main] o.apache.coyote.http11.Http11NioProtocol : Starting ProtocolHandler ["http-nio-8080"]
 2022-07-20 14:20:16.899 INFO  [main] o.s.b.w.embedded.tomcat.TomcatWebServer  : Tomcat started on port(s): 8080 (http) with context path ''
 2022-07-20 14:20:22.222 INFO  [SpringContextShutdownHook] o.s.s.concurrent.ThreadPoolTaskExecutor  : Shutting down ExecutorService 'applicationTaskExecutor'
 2022-07-20 14:20:25.805 INFO  [main] o.s.b.w.embedded.tomcat.TomcatWebServer  : Tomcat initialized with port(s): 8080 (http)
 2022-07-20 14:20:25.812 INFO  [main] o.apache.coyote.http11.Http11NioProtocol : Initializing ProtocolHandler ["http-nio-8080"]
 2022-07-20 14:20:25.813 INFO  [main] org.apache.catalina.core.StandardService : Starting service [Tomcat]
 2022-07-20 14:20:25.813 INFO  [main] org.apache.catalina.core.StandardEngine  : Starting Servlet engine: [Apache Tomcat/9.0.39]
 2022-07-20 14:20:25.858 INFO  [main] o.a.c.c.C.[Tomcat].[localhost].[/]       : Initializing Spring embedded WebApplicationContext
 2022-07-20 14:20:25.858 INFO  [main] w.s.c.ServletWebServerApplicationContext : Root WebApplicationContext: initialization completed in 774 ms
 2022-07-20 14:20:25.995 INFO  [main] o.s.s.concurrent.ThreadPoolTaskExecutor  : Initializing ExecutorService 'applicationTaskExecutor'
 2022-07-20 14:20:26.104 INFO  [main] o.apache.coyote.http11.Http11NioProtocol : Starting ProtocolHandler ["http-nio-8080"]
 2022-07-20 14:20:26.115 INFO  [main] o.s.b.w.embedded.tomcat.TomcatWebServer  : Tomcat started on port(s): 8080 (http) with context path ''
 2022-07-20 14:21:00.350 INFO  [SpringContextShutdownHook] o.s.s.concurrent.ThreadPoolTaskExecutor  : Shutting down ExecutorService 'applicationTaskExecutor'
 2022-07-20 15:54:17.177 INFO  [main] o.s.b.w.embedded.tomcat.TomcatWebServer  : Tomcat initialized with port(s): 8080 (http)
 2022-07-20 15:54:17.197 INFO  [main] o.apache.coyote.http11.Http11NioProtocol : Initializing ProtocolHandler ["http-nio-8080"]
 2022-07-20 15:54:17.198 INFO  [main] org.apache.catalina.core.StandardService : Starting service [Tomcat]
 2022-07-20 15:54:17.198 INFO  [main] org.apache.catalina.core.StandardEngine  : Starting Servlet engine: [Apache Tomcat/9.0.39]
 2022-07-20 15:54:17.265 INFO  [main] o.a.c.c.C.[Tomcat].[localhost].[/]       : Initializing Spring embedded WebApplicationContext
 2022-07-20 15:54:17.265 INFO  [main] w.s.c.ServletWebServerApplicationContext : Root WebApplicationContext: initialization completed in 1040 ms
 2022-07-20 15:54:17.455 INFO  [main] o.s.s.concurrent.ThreadPoolTaskExecutor  : Initializing ExecutorService 'applicationTaskExecutor'
 2022-07-20 15:54:17.560 INFO  [main] o.apache.coyote.http11.Http11NioProtocol : Starting ProtocolHandler ["http-nio-8080"]
 2022-07-20 15:54:17.581 INFO  [main] o.s.b.w.embedded.tomcat.TomcatWebServer  : Tomcat started on port(s): 8080 (http) with context path ''
 2022-07-20 16:21:20.370 INFO  [SpringContextShutdownHook] o.s.s.concurrent.ThreadPoolTaskExecutor  : Shutting down ExecutorService 'applicationTaskExecutor'
 